<?xml version="1.0" encoding="UTF-8"?>
<!-- Generated by org.testng.reporters.JUnitReportReporter -->
<testsuite skipped="0" hostname="DESKTOP-ELECQLO" name="org.testng.TestingSample" tests="1" failures="0" timestamp="12 Sep 2022 16:44:43 GMT" time="0.005" errors="0">
  <testcase name="tc0" time="0.005" classname="org.testng.TestingSample"/>
</testsuite> <!-- org.testng.TestingSample -->
